[16:26:30] [WARNING] mysql_connect: no password specified
[16:27:33] [WARNING] mysql_connect: no password specified
[16:37:09] [WARNING] mysql_connect: no password specified
[16:41:27] [ERROR] orm_setkey: orm error: variable not found
[16:41:27] [ERROR] orm_select: orm error: no key variable set
[16:49:21] [ERROR] orm_setkey: orm error: variable not found
[16:49:21] [ERROR] orm_select: orm error: no key variable set
[16:51:16] [WARNING] mysql_connect: no password specified
[16:51:39] [ERROR] error #1146 while executing query "SELECT `id`,`password`,`kills`,`deaths`,`x`,`y`,`z`,`angle`,`interior` FROM `players` WHERE `name`='Jim_Street' LIMIT 1": Table 'pcu.players' doesn't exist
[16:53:10] [WARNING] mysql_connect: no password specified
[23:47:06] [WARNING] mysql_connect: no password specified (C:\Users\Forward\Documents\GitHub\grandfortress\gamemodes\base.pwn:48 -> C:\Users\Forward\Documents\GitHub\grandfortress\pawno\include\YSI\y_hooks/impl.inc:483)
[01:46:13] [WARNING] mysql_connect: no password specified (C:\Users\Forward\Documents\GitHub\grandfortress\gamemodes\base.pwn:48 -> C:\Users\Forward\Documents\GitHub\grandfortress\pawno\include\YSI\y_hooks/impl.inc:483)
[01:51:31] [WARNING] mysql_connect: no password specified (C:\Users\Forward\Documents\GitHub\grandfortress\gamemodes\base.pwn:48 -> C:\Users\Forward\Documents\GitHub\grandfortress\pawno\include\YSI\y_hooks/impl.inc:483)
[19:55:20] [WARNING] mysql_connect: no password specified (C:\Users\Forward\Documents\GitHub\grandfortress\gamemodes\base.pwn:49 -> C:\Users\Forward\Documents\GitHub\grandfortress\gamemodes\./vendor/gf/test.p:7 -> C:\Users\Forward\Documents\GitHub\grandfortress\gamemodes\./vendor/gf/testo.p:5 -> C:\Users\Forward\Documents\GitHub\grandfortress\pawno\include\YSI\y_hooks/impl.inc:483)
[19:58:07] [WARNING] mysql_connect: no password specified (C:\Users\Forward\Documents\GitHub\grandfortress\gamemodes\base.pwn:49 -> C:\Users\Forward\Documents\GitHub\grandfortress\gamemodes\./vendor/gf/testo.p:5 -> C:\Users\Forward\Documents\GitHub\grandfortress\gamemodes\./vendor/gf/test.p:7 -> C:\Users\Forward\Documents\GitHub\grandfortress\pawno\include\YSI\y_hooks/impl.inc:483)
[20:56:23] [WARNING] mysql_connect: no password specified (C:\Users\Forward\Documents\GitHub\grandfortress\gamemodes\base.pwn:49 -> C:\Users\Forward\Documents\GitHub\grandfortress\pawno\include\YSI\y_hooks/impl.inc:483)
[19:39:24] [ERROR] mysql_tquery: invalid connection handle '0' (../vendor/forwarddevs/levels/levels.p:13 -> C:\Users\Forward\Documents\GitHub\grandfortress\pawno\include\YSI\y_hooks/impl.inc:483)
[19:39:24] [ERROR] mysql_tquery: invalid connection handle '0' (../vendor/forwarddevs/inventory/inventory.p:60 -> C:\Users\Forward\Documents\GitHub\grandfortress\pawno\include\YSI\y_hooks/impl.inc:483)
[19:39:24] [ERROR] mysql_tquery: invalid connection handle '0' (../vendor/forwarddevs/actors/actors.p:13 -> C:\Users\Forward\Documents\GitHub\grandfortress\pawno\include\YSI\y_hooks/impl.inc:483)
[19:39:24] [WARNING] mysql_connect: no password specified (C:\Users\Forward\Documents\GitHub\grandfortress\gamemodes\base.pwn:55 -> C:\Users\Forward\Documents\GitHub\grandfortress\pawno\include\YSI\y_hooks/impl.inc:483)
[19:39:26] [ERROR] CConnection::CConnection - establishing connection to MySQL database failed: #2002 'Can't connect to MySQL server on 'localhost' (10061)'
[19:39:28] [ERROR] CConnection::CConnection - establishing connection to MySQL database failed: #2002 'Can't connect to MySQL server on 'localhost' (10061)'
[19:39:30] [ERROR] CConnection::CConnection - establishing connection to MySQL database failed: #2002 'Can't connect to MySQL server on 'localhost' (10061)'
[19:39:32] [ERROR] CConnection::CConnection - establishing connection to MySQL database failed: #2002 'Can't connect to MySQL server on 'localhost' (10061)'
[19:47:12] [ERROR] mysql_tquery: invalid connection handle '0' (../vendor/forwarddevs/levels/levels.p:13 -> C:\Users\Forward\Documents\GitHub\grandfortress\pawno\include\YSI\y_hooks/impl.inc:483)
[19:47:12] [ERROR] mysql_tquery: invalid connection handle '0' (../vendor/forwarddevs/inventory/inventory.p:60 -> C:\Users\Forward\Documents\GitHub\grandfortress\pawno\include\YSI\y_hooks/impl.inc:483)
[19:47:12] [ERROR] mysql_tquery: invalid connection handle '0' (../vendor/forwarddevs/actors/actors.p:13 -> C:\Users\Forward\Documents\GitHub\grandfortress\pawno\include\YSI\y_hooks/impl.inc:483)
[19:47:12] [WARNING] mysql_connect: no password specified (C:\Users\Forward\Documents\GitHub\grandfortress\gamemodes\base.pwn:50 -> C:\Users\Forward\Documents\GitHub\grandfortress\pawno\include\YSI\y_hooks/impl.inc:483)
[19:49:19] [ERROR] mysql_tquery: invalid connection handle '0' (../vendor/forwarddevs/levels/levels.p:13 -> C:\Users\Forward\Documents\GitHub\grandfortress\pawno\include\YSI\y_hooks/impl.inc:483)
[19:49:19] [ERROR] mysql_tquery: invalid connection handle '0' (../vendor/forwarddevs/inventory/inventory.p:60 -> C:\Users\Forward\Documents\GitHub\grandfortress\pawno\include\YSI\y_hooks/impl.inc:483)
[19:49:19] [ERROR] mysql_tquery: invalid connection handle '0' (../vendor/forwarddevs/actors/actors.p:13 -> C:\Users\Forward\Documents\GitHub\grandfortress\pawno\include\YSI\y_hooks/impl.inc:483)
[19:49:19] [WARNING] mysql_connect: no password specified (C:\Users\Forward\Documents\GitHub\grandfortress\gamemodes\base.pwn:50 -> C:\Users\Forward\Documents\GitHub\grandfortress\pawno\include\YSI\y_hooks/impl.inc:483)
[19:50:15] [ERROR] mysql_tquery: invalid connection handle '0' (../vendor/forwarddevs/levels/levels.p:13 -> C:\Users\Forward\Documents\GitHub\grandfortress\pawno\include\YSI\y_hooks/impl.inc:483)
[19:50:15] [ERROR] mysql_tquery: invalid connection handle '0' (../vendor/forwarddevs/inventory/inventory.p:60 -> C:\Users\Forward\Documents\GitHub\grandfortress\pawno\include\YSI\y_hooks/impl.inc:483)
[19:50:15] [ERROR] mysql_tquery: invalid connection handle '0' (../vendor/forwarddevs/actors/actors.p:13 -> C:\Users\Forward\Documents\GitHub\grandfortress\pawno\include\YSI\y_hooks/impl.inc:483)
[19:50:15] [WARNING] mysql_connect: no password specified (C:\Users\Forward\Documents\GitHub\grandfortress\gamemodes\base.pwn:50 -> C:\Users\Forward\Documents\GitHub\grandfortress\pawno\include\YSI\y_hooks/impl.inc:483)
[19:51:19] [ERROR] mysql_tquery: invalid connection handle '0' (../vendor/forwarddevs/levels/levels.p:13 -> C:\Users\Forward\Documents\GitHub\grandfortress\pawno\include\YSI\y_hooks/impl.inc:483)
[19:51:19] [ERROR] mysql_tquery: invalid connection handle '0' (../vendor/forwarddevs/inventory/inventory.p:60 -> C:\Users\Forward\Documents\GitHub\grandfortress\pawno\include\YSI\y_hooks/impl.inc:483)
[19:51:19] [ERROR] mysql_tquery: invalid connection handle '0' (../vendor/forwarddevs/actors/actors.p:13 -> C:\Users\Forward\Documents\GitHub\grandfortress\pawno\include\YSI\y_hooks/impl.inc:483)
[19:51:19] [WARNING] mysql_connect: no password specified (C:\Users\Forward\Documents\GitHub\grandfortress\gamemodes\base.pwn:50 -> C:\Users\Forward\Documents\GitHub\grandfortress\pawno\include\YSI\y_hooks/impl.inc:483)
[19:51:48] [ERROR] mysql_tquery: invalid connection handle '0' (../vendor/forwarddevs/levels/levels.p:13 -> C:\Users\Forward\Documents\GitHub\grandfortress\pawno\include\YSI\y_hooks/impl.inc:483)
[19:51:48] [ERROR] mysql_tquery: invalid connection handle '0' (../vendor/forwarddevs/inventory/inventory.p:60 -> C:\Users\Forward\Documents\GitHub\grandfortress\pawno\include\YSI\y_hooks/impl.inc:483)
[19:51:48] [ERROR] mysql_tquery: invalid connection handle '0' (../vendor/forwarddevs/actors/actors.p:13 -> C:\Users\Forward\Documents\GitHub\grandfortress\pawno\include\YSI\y_hooks/impl.inc:483)
[19:51:48] [WARNING] mysql_connect: no password specified (C:\Users\Forward\Documents\GitHub\grandfortress\gamemodes\base.pwn:50 -> C:\Users\Forward\Documents\GitHub\grandfortress\pawno\include\YSI\y_hooks/impl.inc:483)
[19:54:24] [ERROR] mysql_tquery: invalid connection handle '0' (../vendor/forwarddevs/levels/levels.p:13 -> C:\Users\Forward\Documents\GitHub\grandfortress\pawno\include\YSI\y_hooks/impl.inc:483)
[19:54:24] [ERROR] mysql_tquery: invalid connection handle '0' (../vendor/forwarddevs/inventory/inventory.p:60 -> C:\Users\Forward\Documents\GitHub\grandfortress\pawno\include\YSI\y_hooks/impl.inc:483)
[19:54:24] [ERROR] mysql_tquery: invalid connection handle '0' (../vendor/forwarddevs/actors/actors.p:13 -> C:\Users\Forward\Documents\GitHub\grandfortress\pawno\include\YSI\y_hooks/impl.inc:483)
[19:54:24] [WARNING] mysql_connect: no password specified (C:\Users\Forward\Documents\GitHub\grandfortress\gamemodes\base.pwn:49 -> C:\Users\Forward\Documents\GitHub\grandfortress\pawno\include\YSI\y_hooks/impl.inc:483)
[16:17:22] [ERROR] mysql_tquery: invalid connection handle '0' (../vendor/forwarddevs/levels/levels.p:13 -> C:\Users\Forward\Documents\GitHub\grandfortress\pawno\include\YSI\y_hooks/impl.inc:483)
[16:17:22] [ERROR] mysql_tquery: invalid connection handle '0' (../vendor/forwarddevs/inventory/inventory.p:61 -> C:\Users\Forward\Documents\GitHub\grandfortress\pawno\include\YSI\y_hooks/impl.inc:483)
[16:17:22] [ERROR] mysql_tquery: invalid connection handle '0' (../vendor/forwarddevs/actors/actors.p:14 -> C:\Users\Forward\Documents\GitHub\grandfortress\pawno\include\YSI\y_hooks/impl.inc:483)
[16:17:22] [WARNING] mysql_connect: no password specified (C:\Users\Forward\Documents\GitHub\grandfortress\gamemodes\base.pwn:49 -> C:\Users\Forward\Documents\GitHub\grandfortress\pawno\include\YSI\y_hooks/impl.inc:483)
[16:17:24] [ERROR] CConnection::CConnection - establishing connection to MySQL database failed: #2002 'Can't connect to MySQL server on 'localhost' (10061)'
[16:17:26] [ERROR] CConnection::CConnection - establishing connection to MySQL database failed: #2002 'Can't connect to MySQL server on 'localhost' (10061)'
[16:17:28] [ERROR] CConnection::CConnection - establishing connection to MySQL database failed: #2002 'Can't connect to MySQL server on 'localhost' (10061)'
[16:17:30] [ERROR] CConnection::CConnection - establishing connection to MySQL database failed: #2002 'Can't connect to MySQL server on 'localhost' (10061)'
[16:18:15] [ERROR] mysql_tquery: invalid connection handle '0' (../vendor/forwarddevs/levels/levels.p:13 -> C:\Users\Forward\Documents\GitHub\grandfortress\pawno\include\YSI\y_hooks/impl.inc:483)
[16:18:15] [ERROR] mysql_tquery: invalid connection handle '0' (../vendor/forwarddevs/inventory/inventory.p:61 -> C:\Users\Forward\Documents\GitHub\grandfortress\pawno\include\YSI\y_hooks/impl.inc:483)
[16:18:15] [ERROR] mysql_tquery: invalid connection handle '0' (../vendor/forwarddevs/actors/actors.p:14 -> C:\Users\Forward\Documents\GitHub\grandfortress\pawno\include\YSI\y_hooks/impl.inc:483)
[16:18:15] [WARNING] mysql_connect: no password specified (C:\Users\Forward\Documents\GitHub\grandfortress\gamemodes\base.pwn:49 -> C:\Users\Forward\Documents\GitHub\grandfortress\pawno\include\YSI\y_hooks/impl.inc:483)
[16:18:17] [ERROR] CConnection::CConnection - establishing connection to MySQL database failed: #2002 'Can't connect to MySQL server on 'localhost' (10061)'
[16:18:19] [ERROR] CConnection::CConnection - establishing connection to MySQL database failed: #2002 'Can't connect to MySQL server on 'localhost' (10061)'
[16:18:21] [ERROR] CConnection::CConnection - establishing connection to MySQL database failed: #2002 'Can't connect to MySQL server on 'localhost' (10061)'
[16:18:23] [ERROR] CConnection::CConnection - establishing connection to MySQL database failed: #2002 'Can't connect to MySQL server on 'localhost' (10061)'
[16:18:27] [ERROR] mysql_tquery: invalid connection handle '0' (../vendor/forwarddevs/levels/levels.p:13 -> C:\Users\Forward\Documents\GitHub\grandfortress\pawno\include\YSI\y_hooks/impl.inc:483)
[16:18:27] [ERROR] mysql_tquery: invalid connection handle '0' (../vendor/forwarddevs/inventory/inventory.p:61 -> C:\Users\Forward\Documents\GitHub\grandfortress\pawno\include\YSI\y_hooks/impl.inc:483)
[16:18:27] [ERROR] mysql_tquery: invalid connection handle '0' (../vendor/forwarddevs/actors/actors.p:14 -> C:\Users\Forward\Documents\GitHub\grandfortress\pawno\include\YSI\y_hooks/impl.inc:483)
[16:18:27] [WARNING] mysql_connect: no password specified (C:\Users\Forward\Documents\GitHub\grandfortress\gamemodes\base.pwn:49 -> C:\Users\Forward\Documents\GitHub\grandfortress\pawno\include\YSI\y_hooks/impl.inc:483)
[16:18:29] [ERROR] CConnection::CConnection - establishing connection to MySQL database failed: #2002 'Can't connect to MySQL server on 'localhost' (10061)'
[16:18:31] [ERROR] CConnection::CConnection - establishing connection to MySQL database failed: #2002 'Can't connect to MySQL server on 'localhost' (10061)'
[16:18:33] [ERROR] CConnection::CConnection - establishing connection to MySQL database failed: #2002 'Can't connect to MySQL server on 'localhost' (10061)'
[16:18:35] [ERROR] CConnection::CConnection - establishing connection to MySQL database failed: #2002 'Can't connect to MySQL server on 'localhost' (10061)'
[16:18:52] [ERROR] mysql_tquery: invalid connection handle '0' (../vendor/forwarddevs/levels/levels.p:13 -> C:\Users\Forward\Documents\GitHub\grandfortress\pawno\include\YSI\y_hooks/impl.inc:483)
[16:18:52] [ERROR] mysql_tquery: invalid connection handle '0' (../vendor/forwarddevs/inventory/inventory.p:61 -> C:\Users\Forward\Documents\GitHub\grandfortress\pawno\include\YSI\y_hooks/impl.inc:483)
[16:18:52] [ERROR] mysql_tquery: invalid connection handle '0' (../vendor/forwarddevs/actors/actors.p:14 -> C:\Users\Forward\Documents\GitHub\grandfortress\pawno\include\YSI\y_hooks/impl.inc:483)
[16:18:52] [WARNING] mysql_connect: no password specified (C:\Users\Forward\Documents\GitHub\grandfortress\gamemodes\base.pwn:49 -> C:\Users\Forward\Documents\GitHub\grandfortress\pawno\include\YSI\y_hooks/impl.inc:483)
[16:25:31] [WARNING] mysql_connect: no password specified (../vendor/framework/schema.p:17 -> C:\Users\Forward\Documents\GitHub\grandfortress\pawno\include\YSI\y_hooks/impl.inc:483)
[16:52:29] [WARNING] mysql_connect: no password specified (../vendor/framework/schema.p:17 -> C:\Users\Forward\Documents\GitHub\grandfortress\pawno\include\YSI\y_hooks/impl.inc:483)
[18:13:06] [WARNING] mysql_connect: no password specified (../vendor/framework/schema.p:17 -> C:\Users\Forward\Documents\GitHub\grandfortress\pawno\include\YSI\y_hooks/impl.inc:483)
[18:19:24] [WARNING] mysql_connect: no password specified (../vendor/framework/schema.p:17 -> C:\Users\Forward\Documents\GitHub\grandfortress\pawno\include\YSI\y_hooks/impl.inc:483)
[18:28:25] [WARNING] mysql_connect: no password specified (../vendor/framework/schema.p:17 -> C:\Users\Forward\Documents\GitHub\grandfortress\pawno\include\YSI\y_hooks/impl.inc:483)
[18:30:01] [WARNING] mysql_connect: no password specified (../vendor/framework/schema.p:17 -> C:\Users\Forward\Documents\GitHub\grandfortress\pawno\include\YSI\y_hooks/impl.inc:483)
[18:30:45] [WARNING] mysql_connect: no password specified (../vendor/framework/schema.p:17 -> C:\Users\Forward\Documents\GitHub\grandfortress\pawno\include\YSI\y_hooks/impl.inc:483)
[18:40:28] [WARNING] mysql_connect: no password specified (../vendor/framework/schema.p:17 -> C:\Users\Forward\Documents\GitHub\grandfortress\pawno\include\YSI\y_hooks/impl.inc:483)
[20:05:48] [WARNING] mysql_connect: no password specified (../vendor/framework/schema.p:17 -> C:\Users\Forward\Documents\GitHub\grandfortress\pawno\include\YSI\y_hooks/impl.inc:483)
[20:07:57] [WARNING] mysql_connect: no password specified (../vendor/framework/schema.p:17 -> C:\Users\Forward\Documents\GitHub\grandfortress\pawno\include\YSI\y_hooks/impl.inc:483)
[20:10:53] [WARNING] mysql_connect: no password specified (../vendor/framework/schema.p:17 -> C:\Users\Forward\Documents\GitHub\grandfortress\pawno\include\YSI\y_hooks/impl.inc:483)
[20:12:48] [WARNING] mysql_connect: no password specified (../vendor/framework/schema.p:17 -> C:\Users\Forward\Documents\GitHub\grandfortress\pawno\include\YSI\y_hooks/impl.inc:483)
[20:15:25] [WARNING] mysql_connect: no password specified (../vendor/framework/schema.p:17 -> C:\Users\Forward\Documents\GitHub\grandfortress\pawno\include\YSI\y_hooks/impl.inc:483)
[20:19:08] [WARNING] mysql_connect: no password specified (../vendor/framework/schema.p:17 -> C:\Users\Forward\Documents\GitHub\grandfortress\pawno\include\YSI\y_hooks/impl.inc:483)
[20:20:34] [WARNING] mysql_connect: no password specified (../vendor/framework/schema.p:17 -> C:\Users\Forward\Documents\GitHub\grandfortress\pawno\include\YSI\y_hooks/impl.inc:483)
[20:22:30] [WARNING] mysql_connect: no password specified (../vendor/framework/schema.p:17 -> C:\Users\Forward\Documents\GitHub\grandfortress\pawno\include\YSI\y_hooks/impl.inc:483)
[20:33:19] [WARNING] mysql_connect: no password specified (../vendor/framework/schema.p:17 -> C:\Users\Forward\Documents\GitHub\grandfortress\pawno\include\YSI\y_hooks/impl.inc:483)
[20:34:08] [WARNING] mysql_connect: no password specified (../vendor/framework/schema.p:17 -> C:\Users\Forward\Documents\GitHub\grandfortress\pawno\include\YSI\y_hooks/impl.inc:483)
[20:50:37] [WARNING] mysql_connect: no password specified (../vendor/framework/schema.p:17 -> C:\Users\Forward\Documents\GitHub\grandfortress\pawno\include\YSI\y_hooks/impl.inc:483)
[20:55:18] [WARNING] mysql_connect: no password specified (../vendor/framework/schema.p:17 -> C:\Users\Forward\Documents\GitHub\grandfortress\pawno\include\YSI\y_hooks/impl.inc:483)
[20:59:23] [WARNING] mysql_connect: no password specified (../vendor/framework/schema.p:17 -> C:\Users\Forward\Documents\GitHub\grandfortress\pawno\include\YSI\y_hooks/impl.inc:483)
[21:00:29] [WARNING] mysql_connect: no password specified (../vendor/framework/schema.p:17 -> C:\Users\Forward\Documents\GitHub\grandfortress\pawno\include\YSI\y_hooks/impl.inc:483)
[21:01:45] [WARNING] mysql_connect: no password specified (../vendor/framework/schema.p:17 -> C:\Users\Forward\Documents\GitHub\grandfortress\pawno\include\YSI\y_hooks/impl.inc:483)
[21:03:07] [WARNING] mysql_connect: no password specified (../vendor/framework/schema.p:17 -> C:\Users\Forward\Documents\GitHub\grandfortress\pawno\include\YSI\y_hooks/impl.inc:483)
[21:04:22] [WARNING] mysql_connect: no password specified (../vendor/framework/schema.p:17 -> C:\Users\Forward\Documents\GitHub\grandfortress\pawno\include\YSI\y_hooks/impl.inc:483)
[21:09:04] [WARNING] mysql_connect: no password specified (../vendor/framework/schema.p:17 -> C:\Users\Forward\Documents\GitHub\grandfortress\pawno\include\YSI\y_hooks/impl.inc:483)
[21:12:15] [WARNING] mysql_connect: no password specified (../vendor/framework/schema.p:17 -> C:\Users\Forward\Documents\GitHub\grandfortress\pawno\include\YSI\y_hooks/impl.inc:483)
[21:31:00] [WARNING] mysql_connect: no password specified (../vendor/framework/schema.p:17 -> C:\Users\Forward\Documents\GitHub\grandfortress\pawno\include\YSI\y_hooks/impl.inc:483)
[21:47:38] [WARNING] mysql_connect: no password specified (../vendor/framework/schema.p:17 -> C:\Users\Forward\Documents\GitHub\grandfortress\pawno\include\YSI\y_hooks/impl.inc:483)
[21:53:40] [WARNING] mysql_connect: no password specified (../vendor/framework/schema.p:17 -> C:\Users\Forward\Documents\GitHub\grandfortress\pawno\include\YSI\y_hooks/impl.inc:483)
